                      :-) GROMACS - gmx mdrun, 2020.4 (-:

                            GROMACS is written by:
     Emile Apol      Rossen Apostolov      Paul Bauer     Herman J.C. Berendsen
    Par Bjelkmar      Christian Blau   Viacheslav Bolnykh     Kevin Boyd    
 Aldert van Buuren   Rudi van Drunen     Anton Feenstra       Alan Gray     
  Gerrit Groenhof     Anca Hamuraru    Vincent Hindriksen  M. Eric Irrgang  
  Aleksei Iupinov   Christoph Junghans     Joe Jordan     Dimitrios Karkoulis
    Peter Kasson        Jiri Kraus      Carsten Kutzner      Per Larsson    
  Justin A. Lemkul    Viveca Lindahl    Magnus Lundborg     Erik Marklund   
    Pascal Merz     Pieter Meulenhoff    Teemu Murtola       Szilard Pall   
    Sander Pronk      Roland Schulz      Michael Shirts    Alexey Shvetsov  
   Alfons Sijbers     Peter Tieleman      Jon Vincent      Teemu Virolainen 
 Christian Wennberg    Maarten Wolf      Artem Zhmurov   
                           and the project leaders:
        Mark Abraham, Berk Hess, Erik Lindahl, and David van der Spoel

Copyright (c) 1991-2000, University of Groningen, The Netherlands.
Copyright (c) 2001-2019, The GROMACS development team at
Uppsala University, Stockholm University and
the Royal Institute of Technology, Sweden.
check out http://www.gromacs.org for more information.

GROMACS is free software; you can redistribute it and/or modify it
under the terms of the GNU Lesser General Public License
as published by the Free Software Foundation; either version 2.1
of the License, or (at your option) any later version.

GROMACS:      gmx mdrun, version 2020.4
Executable:   /opt/gromacs-2020.4/bin/gmx
Data prefix:  /opt/gromacs-2020.4
Working dir:  /home/glattanzi/fabio.mazza/cas9_md/data/02-eq
Process ID:   26682
Command line:
  gmx mdrun -s nvt_fix.tpr -v -ntmpi 1 -deffnm cas9_nvt

GROMACS version:    2020.4
Verified release checksum is 79c2857291b034542c26e90512b92fd4b184a1c9d6fa59c55f2e24ccf14e7281
Precision:          single
Memory model:       64 bit
MPI library:        thread_mpi
OpenMP support:     enabled (GMX_OPENMP_MAX_THREADS = 64)
GPU support:        CUDA
SIMD instructions:  AVX2_256
FFT library:        fftw-3.3.8-sse2-avx
RDTSCP usage:       enabled
TNG support:        enabled
Hwloc support:      hwloc-2.2.0
Tracing support:    disabled
C compiler:         /usr/bin/cc GNU 10.2.0
C compiler flags:   -mavx2 -mfma -fexcess-precision=fast -funroll-all-loops -O3 -DNDEBUG
C++ compiler:       /usr/bin/c++ GNU 10.2.0
C++ compiler flags: -mavx2 -mfma -fexcess-precision=fast -funroll-all-loops -fopenmp -O3 -DNDEBUG
CUDA compiler:      /opt/cuda/bin/nvcc nvcc: NVIDIA (R) Cuda compiler driver;Copyright (c) 2005-2020 NVIDIA Corporation;Built on Mon_Oct_12_20:09:46_PDT_2020;Cuda compilation tools, release 11.1, V11.1.105;Build cuda_11.1.TC455_06.29190527_0
CUDA compiler flags:-gencode;arch=compute_35,code=sm_35;-gencode;arch=compute_37,code=sm_37;-gencode;arch=compute_50,code=sm_50;-gencode;arch=compute_52,code=sm_52;-gencode;arch=compute_60,code=sm_60;-gencode;arch=compute_61,code=sm_61;-gencode;arch=compute_70,code=sm_70;-Wno-deprecated-gpu-targets;-gencode;arch=compute_35,code=compute_35;-gencode;arch=compute_50,code=compute_50;-gencode;arch=compute_52,code=compute_52;-gencode;arch=compute_60,code=compute_60;-gencode;arch=compute_61,code=compute_61;-gencode;arch=compute_70,code=compute_70;-gencode;arch=compute_75,code=compute_75;-gencode;arch=compute_80,code=compute_80;-use_fast_math;-D_FORCE_INLINES;-mavx2 -mfma -fexcess-precision=fast -funroll-all-loops -fopenmp -O3 -DNDEBUG
CUDA driver:        11.10
CUDA runtime:       11.10


Running on 1 node with total 8 cores, 16 logical cores, 1 compatible GPU
Hardware detected:
  CPU info:
    Vendor: Intel
    Brand:  Intel(R) Core(TM) i9-9900KF CPU @ 3.60GHz
    Family: 6   Model: 158   Stepping: 13
    Features: aes apic avx avx2 clfsh cmov cx8 cx16 f16c fma htt intel lahf mmx msr nonstop_tsc pcid pclmuldq pdcm pdpe1gb popcnt pse rdrnd rdtscp sse2 sse3 sse4.1 sse4.2 ssse3 tdt x2apic
  Hardware topology: Full, with devices
    Sockets, cores, and logical processors:
      Socket  0: [   0   8] [   1   9] [   2  10] [   3  11] [   4  12] [   5  13] [   6  14] [   7  15]
    Numa nodes:
      Node  0 (33584357376 bytes mem):   0   8   1   9   2  10   3  11   4  12   5  13   6  14   7  15
      Latency:
               0
         0  1.00
    Caches:
      L1: 32768 bytes, linesize 64 bytes, assoc. 8, shared 2 ways
      L2: 262144 bytes, linesize 64 bytes, assoc. 4, shared 2 ways
      L3: 16777216 bytes, linesize 64 bytes, assoc. 16, shared 16 ways
    PCI devices:
      0000:01:00.0  Id: 10de:1e81  Class: 0x0300  Numa: 0
      0000:00:17.0  Id: 8086:a352  Class: 0x0106  Numa: 0
      0000:07:00.0  Id: 10ec:8168  Class: 0x0200  Numa: 0
  GPU info:
    Number of GPUs detected: 1
    #0: NVIDIA GeForce RTX 2080 SUPER, compute cap.: 7.5, ECC:  no, stat: compatible


++++ PLEASE READ AND CITE THE FOLLOWING REFERENCE ++++
M. J. Abraham, T. Murtola, R. Schulz, S. Páll, J. C. Smith, B. Hess, E.
Lindahl
GROMACS: High performance molecular simulations through multi-level
parallelism from laptops to supercomputers
SoftwareX 1 (2015) pp. 19-25
-------- -------- --- Thank You --- -------- --------


++++ PLEASE READ AND CITE THE FOLLOWING REFERENCE ++++
S. Páll, M. J. Abraham, C. Kutzner, B. Hess, E. Lindahl
Tackling Exascale Software Challenges in Molecular Dynamics Simulations with
GROMACS
In S. Markidis & E. Laure (Eds.), Solving Software Challenges for Exascale 8759 (2015) pp. 3-27
-------- -------- --- Thank You --- -------- --------


++++ PLEASE READ AND CITE THE FOLLOWING REFERENCE ++++
S. Pronk, S. Páll, R. Schulz, P. Larsson, P. Bjelkmar, R. Apostolov, M. R.
Shirts, J. C. Smith, P. M. Kasson, D. van der Spoel, B. Hess, and E. Lindahl
GROMACS 4.5: a high-throughput and highly parallel open source molecular
simulation toolkit
Bioinformatics 29 (2013) pp. 845-54
-------- -------- --- Thank You --- -------- --------


++++ PLEASE READ AND CITE THE FOLLOWING REFERENCE ++++
B. Hess and C. Kutzner and D. van der Spoel and E. Lindahl
GROMACS 4: Algorithms for highly efficient, load-balanced, and scalable
molecular simulation
J. Chem. Theory Comput. 4 (2008) pp. 435-447
-------- -------- --- Thank You --- -------- --------


++++ PLEASE READ AND CITE THE FOLLOWING REFERENCE ++++
D. van der Spoel, E. Lindahl, B. Hess, G. Groenhof, A. E. Mark and H. J. C.
Berendsen
GROMACS: Fast, Flexible and Free
J. Comp. Chem. 26 (2005) pp. 1701-1719
-------- -------- --- Thank You --- -------- --------


++++ PLEASE READ AND CITE THE FOLLOWING REFERENCE ++++
E. Lindahl and B. Hess and D. van der Spoel
GROMACS 3.0: A package for molecular simulation and trajectory analysis
J. Mol. Mod. 7 (2001) pp. 306-317
-------- -------- --- Thank You --- -------- --------


++++ PLEASE READ AND CITE THE FOLLOWING REFERENCE ++++
H. J. C. Berendsen, D. van der Spoel and R. van Drunen
GROMACS: A message-passing parallel molecular dynamics implementation
Comp. Phys. Comm. 91 (1995) pp. 43-56
-------- -------- --- Thank You --- -------- --------


++++ PLEASE CITE THE DOI FOR THIS VERSION OF GROMACS ++++
https://doi.org/10.5281/zenodo.4054979
-------- -------- --- Thank You --- -------- --------


The number of OpenMP threads was set by environment variable OMP_NUM_THREADS to 16

Input Parameters:
   integrator                     = md
   tinit                          = 0
   dt                             = 0.002
   nsteps                         = 250000
   init-step                      = 0
   simulation-part                = 1
   comm-mode                      = Linear
   nstcomm                        = 100
   bd-fric                        = 0
   ld-seed                        = 907485342
   emtol                          = 10
   emstep                         = 0.01
   niter                          = 20
   fcstep                         = 0
   nstcgsteep                     = 1000
   nbfgscorr                      = 10
   rtpi                           = 0.05
   nstxout                        = 25000
   nstvout                        = 25000
   nstfout                        = 0
   nstlog                         = 5000
   nstcalcenergy                  = 100
   nstenergy                      = 5000
   nstxout-compressed             = 5000
   compressed-x-precision         = 200
   cutoff-scheme                  = Verlet
   nstlist                        = 10
   pbc                            = xyz
   periodic-molecules             = false
   verlet-buffer-tolerance        = 0.005
   rlist                          = 1.2
   coulombtype                    = PME
   coulomb-modifier               = Potential-shift
   rcoulomb-switch                = 0
   rcoulomb                       = 1.2
   epsilon-r                      = 1
   epsilon-rf                     = inf
   vdw-type                       = Cut-off
   vdw-modifier                   = Potential-shift
   rvdw-switch                    = 0
   rvdw                           = 1.2
   DispCorr                       = EnerPres
   table-extension                = 1
   fourierspacing                 = 0.16
   fourier-nx                     = 120
   fourier-ny                     = 120
   fourier-nz                     = 120
   pme-order                      = 4
   ewald-rtol                     = 1e-05
   ewald-rtol-lj                  = 0.001
   lj-pme-comb-rule               = Geometric
   ewald-geometry                 = 0
   epsilon-surface                = 0
   tcoupl                         = V-rescale
   nsttcouple                     = 10
   nh-chain-length                = 0
   print-nose-hoover-chain-variables = false
   pcoupl                         = No
   pcoupltype                     = Isotropic
   nstpcouple                     = -1
   tau-p                          = 1
   compressibility (3x3):
      compressibility[    0]={ 0.00000e+00,  0.00000e+00,  0.00000e+00}
      compressibility[    1]={ 0.00000e+00,  0.00000e+00,  0.00000e+00}
      compressibility[    2]={ 0.00000e+00,  0.00000e+00,  0.00000e+00}
   ref-p (3x3):
      ref-p[    0]={ 0.00000e+00,  0.00000e+00,  0.00000e+00}
      ref-p[    1]={ 0.00000e+00,  0.00000e+00,  0.00000e+00}
      ref-p[    2]={ 0.00000e+00,  0.00000e+00,  0.00000e+00}
   refcoord-scaling               = No
   posres-com (3):
      posres-com[0]= 0.00000e+00
      posres-com[1]= 0.00000e+00
      posres-com[2]= 0.00000e+00
   posres-comB (3):
      posres-comB[0]= 0.00000e+00
      posres-comB[1]= 0.00000e+00
      posres-comB[2]= 0.00000e+00
   QMMM                           = false
   QMconstraints                  = 0
   QMMMscheme                     = 0
   MMChargeScaleFactor            = 1
qm-opts:
   ngQM                           = 0
   constraint-algorithm           = Lincs
   continuation                   = false
   Shake-SOR                      = false
   shake-tol                      = 0.0001
   lincs-order                    = 4
   lincs-iter                     = 1
   lincs-warnangle                = 30
   nwall                          = 0
   wall-type                      = 9-3
   wall-r-linpot                  = -1
   wall-atomtype[0]               = -1
   wall-atomtype[1]               = -1
   wall-density[0]                = 0
   wall-density[1]                = 0
   wall-ewald-zfac                = 3
   pull                           = false
   awh                            = false
   rotation                       = false
   interactiveMD                  = false
   disre                          = No
   disre-weighting                = Conservative
   disre-mixed                    = false
   dr-fc                          = 1000
   dr-tau                         = 0
   nstdisreout                    = 100
   orire-fc                       = 0
   orire-tau                      = 0
   nstorireout                    = 100
   free-energy                    = no
   cos-acceleration               = 0
   deform (3x3):
      deform[    0]={ 0.00000e+00,  0.00000e+00,  0.00000e+00}
      deform[    1]={ 0.00000e+00,  0.00000e+00,  0.00000e+00}
      deform[    2]={ 0.00000e+00,  0.00000e+00,  0.00000e+00}
   simulated-tempering            = false
   swapcoords                     = no
   userint1                       = 0
   userint2                       = 0
   userint3                       = 0
   userint4                       = 0
   userreal1                      = 0
   userreal2                      = 0
   userreal3                      = 0
   userreal4                      = 0
   applied-forces:
     electric-field:
       x:
         E0                       = 0
         omega                    = 0
         t0                       = 0
         sigma                    = 0
       y:
         E0                       = 0
         omega                    = 0
         t0                       = 0
         sigma                    = 0
       z:
         E0                       = 0
         omega                    = 0
         t0                       = 0
         sigma                    = 0
     density-guided-simulation:
       active                     = false
       group                      = protein
       similarity-measure         = inner-product
       atom-spreading-weight      = unity
       force-constant             = 1e+09
       gaussian-transform-spreading-width = 0.2
       gaussian-transform-spreading-range-in-multiples-of-width = 4
       reference-density-filename = reference.mrc
       nst                        = 1
       normalize-densities        = true
       adaptive-force-scaling     = false
       adaptive-force-scaling-time-constant = 4
grpopts:
   nrdf:     71565.8      804282
   ref-t:         310         310
   tau-t:         0.1         0.1
annealing:          No          No
annealing-npoints:           0           0
   acc:	           0           0           0
   nfreeze:           N           N           N
   energygrp-flags[  0]: 0

Changing nstlist from 10 to 100, rlist from 1.2 to 1.344

1 GPU selected for this run.
Mapping of GPU IDs to the 2 GPU tasks in the 1 rank on this node:
  PP:0,PME:0
PP tasks will do (non-perturbed) short-ranged interactions on the GPU
PP task will update and constrain coordinates on the CPU
PME tasks will do all aspects on the GPU
Using 1 MPI thread

Non-default thread affinity set, disabling internal thread affinity

Using 16 OpenMP threads 

System total charge: 0.000
Will do PME sum in reciprocal space for electrostatic interactions.

++++ PLEASE READ AND CITE THE FOLLOWING REFERENCE ++++
U. Essmann, L. Perera, M. L. Berkowitz, T. Darden, H. Lee and L. G. Pedersen 
A smooth particle mesh Ewald method
J. Chem. Phys. 103 (1995) pp. 8577-8592
-------- -------- --- Thank You --- -------- --------

Using a Gaussian width (1/beta) of 0.384195 nm for Ewald
Potential shift: LJ r^-12: -1.122e-01 r^-6: -3.349e-01, Ewald -8.333e-06
Initialized non-bonded Ewald tables, spacing: 1.02e-03 size: 1176

Generated table with 1172 data points for 1-4 COUL.
Tabscale = 500 points/nm
Generated table with 1172 data points for 1-4 LJ6.
Tabscale = 500 points/nm
Generated table with 1172 data points for 1-4 LJ12.
Tabscale = 500 points/nm

Using GPU 8x8 nonbonded short-range kernels

Using a dual 8x8 pair-list setup updated with dynamic, rolling pruning:
  outer list: updated every 100 steps, buffer 0.144 nm, rlist 1.344 nm
  inner list: updated every  12 steps, buffer 0.004 nm, rlist 1.204 nm
At tolerance 0.005 kJ/mol/ps per atom, equivalent classical 1x1 list would be:
  outer list: updated every 100 steps, buffer 0.297 nm, rlist 1.497 nm
  inner list: updated every  12 steps, buffer 0.054 nm, rlist 1.254 nm

Using full Lennard-Jones parameter combination matrix

Long Range LJ corr.: <C6> 3.1114e-04

Removing pbc first time

Initializing LINear Constraint Solver

++++ PLEASE READ AND CITE THE FOLLOWING REFERENCE ++++
B. Hess and H. Bekker and H. J. C. Berendsen and J. G. E. M. Fraaije
LINCS: A Linear Constraint Solver for molecular simulations
J. Comp. Chem. 18 (1997) pp. 1463-1472
-------- -------- --- Thank You --- -------- --------

The number of constraints is 13343

++++ PLEASE READ AND CITE THE FOLLOWING REFERENCE ++++
S. Miyamoto and P. A. Kollman
SETTLE: An Analytical Version of the SHAKE and RATTLE Algorithms for Rigid
Water Models
J. Comp. Chem. 13 (1992) pp. 952-962
-------- -------- --- Thank You --- -------- --------


++++ PLEASE READ AND CITE THE FOLLOWING REFERENCE ++++
G. Bussi, D. Donadio and M. Parrinello
Canonical sampling through velocity rescaling
J. Chem. Phys. 126 (2007) pp. 014101
-------- -------- --- Thank You --- -------- --------

There are: 429972 Atoms

Constraining the starting coordinates (step 0)

Constraining the coordinates at t0-dt (step 0)
Center of mass motion removal mode is Linear
We have the following groups for center of mass motion removal:
  0:  rest
RMS relative constraint deviation after constraining: 5.38e-06
Initial temperature: 310.071 K

Started mdrun on rank 0 Mon Dec  6 12:38:40 2021

           Step           Time
              0        0.00000

   Energies (kJ/mol)
           Bond          Angle    Proper Dih.  Improper Dih.          LJ-14
    2.33490e+03    1.21675e+04    7.76010e+04    2.22680e+02    2.54386e+04
     Coulomb-14        LJ (SR)  Disper. corr.   Coulomb (SR)   Coul. recip.
    1.73041e+05   -5.11250e+05   -3.16368e+04   -4.96269e+06    2.25066e+05
 Position Rest.      Potential    Kinetic En.   Total Energy  Conserved En.
    7.16866e-03   -4.98971e+06    1.13626e+06   -3.85345e+06   -3.85345e+06
    Temperature Pres. DC (bar) Pressure (bar)   Constr. rmsd
    3.12066e+02   -1.19362e+02   -1.30927e+04    5.39488e-06

step  700: timed with pme grid 120 120 120, coulomb cutoff 1.200: 3084.1 M-cycles
step  900: timed with pme grid 108 108 108, coulomb cutoff 1.278: 3369.7 M-cycles
step 1100: timed with pme grid 100 100 100, coulomb cutoff 1.380: 3688.4 M-cycles
step 1300: timed with pme grid 104 104 104, coulomb cutoff 1.327: 3559.4 M-cycles
step 1500: timed with pme grid 108 108 108, coulomb cutoff 1.278: 3370.5 M-cycles
step 1700: timed with pme grid 112 112 112, coulomb cutoff 1.232: 3248.3 M-cycles
step 1900: timed with pme grid 120 120 120, coulomb cutoff 1.200: 3083.5 M-cycles
              optimal pme grid 120 120 120, coulomb cutoff 1.200
           Step           Time
           5000       10.00000

   Energies (kJ/mol)
           Bond          Angle    Proper Dih.  Improper Dih.          LJ-14
    2.33431e+04    5.93278e+04    8.96385e+04    3.26633e+03    2.82966e+04
     Coulomb-14        LJ (SR)  Disper. corr.   Coulomb (SR)   Coul. recip.
    1.59825e+05    7.51456e+05   -3.16368e+04   -7.09217e+06    2.30203e+04
 Position Rest.      Potential    Kinetic En.   Total Energy  Conserved En.
    8.41238e+03   -5.97722e+06    1.12836e+06   -4.84886e+06   -3.84637e+06
    Temperature Pres. DC (bar) Pressure (bar)   Constr. rmsd
    3.09896e+02   -1.19362e+02   -2.10450e+02    5.30431e-06

           Step           Time
          10000       20.00000

   Energies (kJ/mol)
           Bond          Angle    Proper Dih.  Improper Dih.          LJ-14
    2.38197e+04    5.91896e+04    8.89282e+04    3.15855e+03    2.82166e+04
     Coulomb-14        LJ (SR)  Disper. corr.   Coulomb (SR)   Coul. recip.
    1.60443e+05    7.49915e+05   -3.16368e+04   -7.08960e+06    2.34863e+04
 Position Rest.      Potential    Kinetic En.   Total Energy  Conserved En.
    8.44504e+03   -5.97563e+06    1.13007e+06   -4.84557e+06   -3.84639e+06
    Temperature Pres. DC (bar) Pressure (bar)   Constr. rmsd
    3.10364e+02   -1.19362e+02   -3.04785e+02    5.35776e-06

           Step           Time
          15000       30.00000

   Energies (kJ/mol)
           Bond          Angle    Proper Dih.  Improper Dih.          LJ-14
    2.35957e+04    6.01908e+04    8.90942e+04    3.09267e+03    2.82764e+04
     Coulomb-14        LJ (SR)  Disper. corr.   Coulomb (SR)   Coul. recip.
    1.60013e+05    7.51517e+05   -3.16368e+04   -7.09552e+06    2.34747e+04
 Position Rest.      Potential    Kinetic En.   Total Energy  Conserved En.
    8.21546e+03   -5.97969e+06    1.12696e+06   -4.85273e+06   -3.84646e+06
    Temperature Pres. DC (bar) Pressure (bar)   Constr. rmsd
    3.09509e+02   -1.19362e+02   -2.15911e+02    5.33325e-06

           Step           Time
          20000       40.00000

   Energies (kJ/mol)
           Bond          Angle    Proper Dih.  Improper Dih.          LJ-14
    2.37538e+04    6.00811e+04    8.92968e+04    3.26450e+03    2.81102e+04
     Coulomb-14        LJ (SR)  Disper. corr.   Coulomb (SR)   Coul. recip.
    1.59122e+05    7.52712e+05   -3.16368e+04   -7.09399e+06    2.31659e+04
 Position Rest.      Potential    Kinetic En.   Total Energy  Conserved En.
    8.01078e+03   -5.97810e+06    1.12814e+06   -4.84997e+06   -3.84669e+06
    Temperature Pres. DC (bar) Pressure (bar)   Constr. rmsd
    3.09834e+02   -1.19362e+02   -1.75662e+01    5.30017e-06

           Step           Time
          25000       50.00000

   Energies (kJ/mol)
           Bond          Angle    Proper Dih.  Improper Dih.          LJ-14
    2.39363e+04    5.99084e+04    8.89964e+04    3.17991e+03    2.83217e+04
     Coulomb-14        LJ (SR)  Disper. corr.   Coulomb (SR)   Coul. recip.
    1.59342e+05    7.48725e+05   -3.16368e+04   -7.09321e+06    2.34615e+04
 Position Rest.      Potential    Kinetic En.   Total Energy  Conserved En.
    8.17244e+03   -5.98080e+06    1.13110e+06   -4.84970e+06   -3.84685e+06
    Temperature Pres. DC (bar) Pressure (bar)   Constr. rmsd
    3.10649e+02   -1.19362e+02   -4.38466e+01    5.40702e-06

           Step           Time
          30000       60.00000

   Energies (kJ/mol)
           Bond          Angle    Proper Dih.  Improper Dih.          LJ-14
    2.38451e+04    5.99919e+04    8.91432e+04    3.22937e+03    2.84915e+04
     Coulomb-14        LJ (SR)  Disper. corr.   Coulomb (SR)   Coul. recip.
    1.59661e+05    7.50125e+05   -3.16368e+04   -7.08786e+06    2.32928e+04
 Position Rest.      Potential    Kinetic En.   Total Energy  Conserved En.
    8.20867e+03   -5.97350e+06    1.12969e+06   -4.84381e+06   -3.84708e+06
    Temperature Pres. DC (bar) Pressure (bar)   Constr. rmsd
    3.10262e+02   -1.19362e+02   -5.12601e+02    5.40023e-06

           Step           Time
          35000       70.00000

   Energies (kJ/mol)
           Bond          Angle    Proper Dih.  Improper Dih.          LJ-14
    2.38741e+04    6.01132e+04    8.88952e+04    3.14496e+03    2.82785e+04
     Coulomb-14        LJ (SR)  Disper. corr.   Coulomb (SR)   Coul. recip.
    1.59469e+05    7.49973e+05   -3.16368e+04   -7.08964e+06    2.31185e+04
 Position Rest.      Potential    Kinetic En.   Total Energy  Conserved En.
    8.06426e+03   -5.97635e+06    1.12536e+06   -4.85099e+06   -3.84719e+06
    Temperature Pres. DC (bar) Pressure (bar)   Constr. rmsd
    3.09071e+02   -1.19362e+02   -4.26836e+02    5.37638e-06

           Step           Time
          40000       80.00000

   Energies (kJ/mol)
           Bond          Angle    Proper Dih.  Improper Dih.          LJ-14
    2.37947e+04    6.04514e+04    8.91285e+04    3.23870e+03    2.82655e+04
     Coulomb-14        LJ (SR)  Disper. corr.   Coulomb (SR)   Coul. recip.
    1.59468e+05    7.48086e+05   -3.16368e+04   -7.09035e+06    2.31755e+04
 Position Rest.      Potential    Kinetic En.   Total Energy  Conserved En.
    8.02345e+03   -5.97836e+06    1.12794e+06   -4.85042e+06   -3.84739e+06
    Temperature Pres. DC (bar) Pressure (bar)   Constr. rmsd
    3.09779e+02   -1.19362e+02   -3.53422e+02    5.35958e-06

           Step           Time
          45000       90.00000

   Energies (kJ/mol)
           Bond          Angle    Proper Dih.  Improper Dih.          LJ-14
    2.44247e+04    5.94715e+04    8.89171e+04    3.07005e+03    2.84085e+04
     Coulomb-14        LJ (SR)  Disper. corr.   Coulomb (SR)   Coul. recip.
    1.59736e+05    7.50944e+05   -3.16368e+04   -7.09322e+06    2.32167e+04
 Position Rest.      Potential    Kinetic En.   Total Energy  Conserved En.
    8.09650e+03   -5.97857e+06    1.12937e+06   -4.84920e+06   -3.84769e+06
    Temperature Pres. DC (bar) Pressure (bar)   Constr. rmsd
    3.10173e+02   -1.19362e+02   -1.86160e+02    5.36728e-06

           Step           Time
          50000      100.00000

   Energies (kJ/mol)
           Bond          Angle    Proper Dih.  Improper Dih.          LJ-14
    2.38442e+04    5.94150e+04    8.89482e+04    3.22016e+03    2.84534e+04
     Coulomb-14        LJ (SR)  Disper. corr.   Coulomb (SR)   Coul. recip.
    1.60498e+05    7.51228e+05   -3.16368e+04   -7.09761e+06    2.33503e+04
 Position Rest.      Potential    Kinetic En.   Total Energy  Conserved En.
    8.33773e+03   -5.98196e+06    1.13211e+06   -4.84985e+06   -3.84791e+06
    Temperature Pres. DC (bar) Pressure (bar)   Constr. rmsd
    3.10924e+02   -1.19362e+02   -2.99795e+02    5.29326e-06

           Step           Time
          55000      110.00000

   Energies (kJ/mol)
           Bond          Angle    Proper Dih.  Improper Dih.          LJ-14
    2.41781e+04    5.96517e+04    8.90368e+04    3.19289e+03    2.83186e+04
     Coulomb-14        LJ (SR)  Disper. corr.   Coulomb (SR)   Coul. recip.
    1.60039e+05    7.50011e+05   -3.16368e+04   -7.09197e+06    2.32742e+04
 Position Rest.      Potential    Kinetic En.   Total Energy  Conserved En.
    8.24006e+03   -5.97767e+06    1.12842e+06   -4.84924e+06   -3.84813e+06
    Temperature Pres. DC (bar) Pressure (bar)   Constr. rmsd
    3.09912e+02   -1.19362e+02   -1.77323e+02    5.37501e-06

           Step           Time
          60000      120.00000

   Energies (kJ/mol)
           Bond          Angle    Proper Dih.  Improper Dih.          LJ-14
    2.35438e+04    5.97670e+04    8.90831e+04    3.18120e+03    2.83167e+04
     Coulomb-14        LJ (SR)  Disper. corr.   Coulomb (SR)   Coul. recip.
    1.60341e+05    7.50624e+05   -3.16368e+04   -7.09500e+06    2.32496e+04
 Position Rest.      Potential    Kinetic En.   Total Energy  Conserved En.
    8.23820e+03   -5.98030e+06    1.12586e+06   -4.85444e+06   -3.84832e+06
    Temperature Pres. DC (bar) Pressure (bar)   Constr. rmsd
    3.09208e+02   -1.19362e+02   -7.54602e+01    5.42448e-06

           Step           Time
          65000      130.00000

   Energies (kJ/mol)
           Bond          Angle    Proper Dih.  Improper Dih.          LJ-14
    2.38137e+04    6.02372e+04    8.88124e+04    3.11509e+03    2.83184e+04
     Coulomb-14        LJ (SR)  Disper. corr.   Coulomb (SR)   Coul. recip.
    1.59626e+05    7.55907e+05   -3.16368e+04   -7.09737e+06    2.33247e+04
 Position Rest.      Potential    Kinetic En.   Total Energy  Conserved En.
    8.11785e+03   -5.97773e+06    1.13100e+06   -4.84673e+06   -3.84858e+06
    Temperature Pres. DC (bar) Pressure (bar)   Constr. rmsd
    3.10621e+02   -1.19362e+02   -1.50026e+02    5.39567e-06

           Step           Time
          70000      140.00000

   Energies (kJ/mol)
           Bond          Angle    Proper Dih.  Improper Dih.          LJ-14
    2.39618e+04    5.98533e+04    8.88728e+04    3.32563e+03    2.83076e+04
     Coulomb-14        LJ (SR)  Disper. corr.   Coulomb (SR)   Coul. recip.
    1.59582e+05    7.53374e+05   -3.16368e+04   -7.09514e+06    2.29846e+04
 Position Rest.      Potential    Kinetic En.   Total Energy  Conserved En.
    8.20120e+03   -5.97831e+06    1.12473e+06   -4.85358e+06   -3.84880e+06
    Temperature Pres. DC (bar) Pressure (bar)   Constr. rmsd
    3.08899e+02   -1.19362e+02   -8.91843e+01    5.36838e-06

           Step           Time
          75000      150.00000

   Energies (kJ/mol)
           Bond          Angle    Proper Dih.  Improper Dih.          LJ-14
    2.32276e+04    6.08374e+04    8.86511e+04    3.13953e+03    2.83002e+04
     Coulomb-14        LJ (SR)  Disper. corr.   Coulomb (SR)   Coul. recip.
    1.59747e+05    7.50834e+05   -3.16368e+04   -7.09168e+06    2.33406e+04
 Position Rest.      Potential    Kinetic En.   Total Energy  Conserved En.
    8.23145e+03   -5.97700e+06    1.12704e+06   -4.84997e+06   -3.84898e+06
    Temperature Pres. DC (bar) Pressure (bar)   Constr. rmsd
    3.09532e+02   -1.19362e+02   -2.18087e+02    5.39434e-06

           Step           Time
          80000      160.00000

   Energies (kJ/mol)
           Bond          Angle    Proper Dih.  Improper Dih.          LJ-14
    2.40466e+04    5.97082e+04    8.89140e+04    3.23612e+03    2.83579e+04
     Coulomb-14        LJ (SR)  Disper. corr.   Coulomb (SR)   Coul. recip.
    1.58982e+05    7.48025e+05   -3.16368e+04   -7.09017e+06    2.31194e+04
 Position Rest.      Potential    Kinetic En.   Total Energy  Conserved En.
    8.22405e+03   -5.97920e+06    1.12960e+06   -4.84960e+06   -3.84919e+06
    Temperature Pres. DC (bar) Pressure (bar)   Constr. rmsd
    3.10235e+02   -1.19362e+02   -1.12163e+02    5.33573e-06

           Step           Time
          85000      170.00000

   Energies (kJ/mol)
           Bond          Angle    Proper Dih.  Improper Dih.          LJ-14
    2.36781e+04    6.02836e+04    8.88665e+04    3.13754e+03    2.82868e+04
     Coulomb-14        LJ (SR)  Disper. corr.   Coulomb (SR)   Coul. recip.
    1.60458e+05    7.54059e+05   -3.16368e+04   -7.10301e+06    2.28834e+04
 Position Rest.      Potential    Kinetic En.   Total Energy  Conserved En.
    8.18674e+03   -5.98480e+06    1.12467e+06   -4.86013e+06   -3.84936e+06
    Temperature Pres. DC (bar) Pressure (bar)   Constr. rmsd
    3.08882e+02   -1.19362e+02   -5.67050e+01    5.35263e-06

           Step           Time
          90000      180.00000

   Energies (kJ/mol)
           Bond          Angle    Proper Dih.  Improper Dih.          LJ-14
    2.37239e+04    5.99212e+04    8.91076e+04    3.22899e+03    2.81444e+04
     Coulomb-14        LJ (SR)  Disper. corr.   Coulomb (SR)   Coul. recip.
    1.60031e+05    7.50658e+05   -3.16368e+04   -7.09748e+06    2.29356e+04
 Position Rest.      Potential    Kinetic En.   Total Energy  Conserved En.
    8.27629e+03   -5.98309e+06    1.12702e+06   -4.85607e+06   -3.84959e+06
    Temperature Pres. DC (bar) Pressure (bar)   Constr. rmsd
    3.09527e+02   -1.19362e+02   -1.80433e+02    5.33961e-06

           Step           Time
          95000      190.00000

   Energies (kJ/mol)
           Bond          Angle    Proper Dih.  Improper Dih.          LJ-14
    2.37150e+04    5.97992e+04    8.90239e+04    3.11054e+03    2.84009e+04
     Coulomb-14        LJ (SR)  Disper. corr.   Coulomb (SR)   Coul. recip.
    1.59377e+05    7.47566e+05   -3.16368e+04   -7.09110e+06    2.30187e+04
 Position Rest.      Potential    Kinetic En.   Total Energy  Conserved En.
    8.17231e+03   -5.98056e+06    1.12856e+06   -4.85200e+06   -3.84992e+06
    Temperature Pres. DC (bar) Pressure (bar)   Constr. rmsd
    3.09950e+02   -1.19362e+02   -1.53785e+02    5.34693e-06

           Step           Time
         100000      200.00000

   Energies (kJ/mol)
           Bond          Angle    Proper Dih.  Improper Dih.          LJ-14
    2.40853e+04    6.02514e+04    8.88651e+04    3.21240e+03    2.82339e+04
     Coulomb-14        LJ (SR)  Disper. corr.   Coulomb (SR)   Coul. recip.
    1.59958e+05    7.53902e+05   -3.16368e+04   -7.09663e+06    2.33872e+04
 Position Rest.      Potential    Kinetic En.   Total Energy  Conserved En.
    8.03073e+03   -5.97834e+06    1.13239e+06   -4.84595e+06   -3.85006e+06
    Temperature Pres. DC (bar) Pressure (bar)   Constr. rmsd
    3.11002e+02   -1.19362e+02   -1.17097e+02    5.33747e-06

Writing checkpoint, step 101000 at Mon Dec  6 12:53:41 2021


           Step           Time
         105000      210.00000

   Energies (kJ/mol)
           Bond          Angle    Proper Dih.  Improper Dih.          LJ-14
    2.42173e+04    6.07954e+04    8.88639e+04    3.20240e+03    2.84044e+04
     Coulomb-14        LJ (SR)  Disper. corr.   Coulomb (SR)   Coul. recip.
    1.59468e+05    7.52743e+05   -3.16368e+04   -7.09243e+06    2.31483e+04
 Position Rest.      Potential    Kinetic En.   Total Energy  Conserved En.
    8.09390e+03   -5.97513e+06    1.13247e+06   -4.84266e+06   -3.85024e+06
    Temperature Pres. DC (bar) Pressure (bar)   Constr. rmsd
    3.11024e+02   -1.19362e+02   -2.77510e+02    5.36720e-06

           Step           Time
         110000      220.00000

   Energies (kJ/mol)
           Bond          Angle    Proper Dih.  Improper Dih.          LJ-14
    2.39979e+04    5.98653e+04    8.87427e+04    3.22025e+03    2.82545e+04
     Coulomb-14        LJ (SR)  Disper. corr.   Coulomb (SR)   Coul. recip.
    1.59727e+05    7.52680e+05   -3.16368e+04   -7.09649e+06    2.31382e+04
 Position Rest.      Potential    Kinetic En.   Total Energy  Conserved En.
    8.01655e+03   -5.98048e+06    1.12748e+06   -4.85301e+06   -3.85045e+06
    Temperature Pres. DC (bar) Pressure (bar)   Constr. rmsd
    3.09653e+02   -1.19362e+02   -2.08193e+02    5.41018e-06

           Step           Time
         115000      230.00000

   Energies (kJ/mol)
           Bond          Angle    Proper Dih.  Improper Dih.          LJ-14
    2.37046e+04    5.99024e+04    8.87103e+04    3.23582e+03    2.82907e+04
     Coulomb-14        LJ (SR)  Disper. corr.   Coulomb (SR)   Coul. recip.
    1.59420e+05    7.52876e+05   -3.16368e+04   -7.09495e+06    2.30550e+04
 Position Rest.      Potential    Kinetic En.   Total Energy  Conserved En.
    8.17737e+03   -5.97922e+06    1.12605e+06   -4.85317e+06   -3.85065e+06
    Temperature Pres. DC (bar) Pressure (bar)   Constr. rmsd
    3.09262e+02   -1.19362e+02   -3.91854e+02    5.40580e-06

           Step           Time
         120000      240.00000

   Energies (kJ/mol)
           Bond          Angle    Proper Dih.  Improper Dih.          LJ-14
    2.37658e+04    6.00928e+04    8.87580e+04    3.20473e+03    2.84774e+04
     Coulomb-14        LJ (SR)  Disper. corr.   Coulomb (SR)   Coul. recip.
    1.59760e+05    7.48704e+05   -3.16368e+04   -7.09175e+06    2.28200e+04
 Position Rest.      Potential    Kinetic En.   Total Energy  Conserved En.
    8.04408e+03   -5.97976e+06    1.12845e+06   -4.85131e+06   -3.85098e+06
    Temperature Pres. DC (bar) Pressure (bar)   Constr. rmsd
    3.09919e+02   -1.19362e+02   -3.10624e+02    5.33496e-06

           Step           Time
         125000      250.00000

   Energies (kJ/mol)
           Bond          Angle    Proper Dih.  Improper Dih.          LJ-14
    2.38788e+04    6.03017e+04    8.89711e+04    3.15329e+03    2.82385e+04
     Coulomb-14        LJ (SR)  Disper. corr.   Coulomb (SR)   Coul. recip.
    1.59492e+05    7.51374e+05   -3.16368e+04   -7.09273e+06    2.31677e+04
 Position Rest.      Potential    Kinetic En.   Total Energy  Conserved En.
    8.10366e+03   -5.97768e+06    1.12780e+06   -4.84988e+06   -3.85113e+06
    Temperature Pres. DC (bar) Pressure (bar)   Constr. rmsd
    3.09741e+02   -1.19362e+02   -8.75255e+01    5.30562e-06

           Step           Time
         130000      260.00000

   Energies (kJ/mol)
           Bond          Angle    Proper Dih.  Improper Dih.          LJ-14
    2.34525e+04    6.01437e+04    8.88586e+04    3.06437e+03    2.84809e+04
     Coulomb-14        LJ (SR)  Disper. corr.   Coulomb (SR)   Coul. recip.
    1.59771e+05    7.49825e+05   -3.16368e+04   -7.09581e+06    2.28551e+04
 Position Rest.      Potential    Kinetic En.   Total Energy  Conserved En.
    8.05490e+03   -5.98294e+06    1.12686e+06   -4.85608e+06   -3.85132e+06
    Temperature Pres. DC (bar) Pressure (bar)   Constr. rmsd
    3.09483e+02   -1.19362e+02   -3.05903e+02    5.38986e-06

           Step           Time
         135000      270.00000

   Energies (kJ/mol)
           Bond          Angle    Proper Dih.  Improper Dih.          LJ-14
    2.34538e+04    6.05431e+04    8.87380e+04    3.17493e+03    2.85759e+04
     Coulomb-14        LJ (SR)  Disper. corr.   Coulomb (SR)   Coul. recip.
    1.60237e+05    7.50380e+05   -3.16368e+04   -7.08988e+06    2.33791e+04
 Position Rest.      Potential    Kinetic En.   Total Energy  Conserved En.
    8.24692e+03   -5.97479e+06    1.13103e+06   -4.84376e+06   -3.85151e+06
    Temperature Pres. DC (bar) Pressure (bar)   Constr. rmsd
    3.10630e+02   -1.19362e+02   -2.92854e+02    5.35082e-06

           Step           Time
         140000      280.00000

   Energies (kJ/mol)
           Bond          Angle    Proper Dih.  Improper Dih.          LJ-14
    2.36036e+04    5.96219e+04    8.90214e+04    3.17508e+03    2.83117e+04
     Coulomb-14        LJ (SR)  Disper. corr.   Coulomb (SR)   Coul. recip.
    1.60038e+05    7.51599e+05   -3.16368e+04   -7.09555e+06    2.28884e+04
 Position Rest.      Potential    Kinetic En.   Total Energy  Conserved En.
    7.93850e+03   -5.98099e+06    1.12895e+06   -4.85204e+06   -3.85180e+06
    Temperature Pres. DC (bar) Pressure (bar)   Constr. rmsd
    3.10058e+02   -1.19362e+02   -1.09570e+02    5.42806e-06

           Step           Time
         145000      290.00000

   Energies (kJ/mol)
           Bond          Angle    Proper Dih.  Improper Dih.          LJ-14
    2.39030e+04    5.92993e+04    8.89042e+04    3.19569e+03    2.83592e+04
     Coulomb-14        LJ (SR)  Disper. corr.   Coulomb (SR)   Coul. recip.
    1.59760e+05    7.47647e+05   -3.16368e+04   -7.09214e+06    2.30121e+04
 Position Rest.      Potential    Kinetic En.   Total Energy  Conserved En.
    8.08780e+03   -5.98160e+06    1.12690e+06   -4.85470e+06   -3.85194e+06
    Temperature Pres. DC (bar) Pressure (bar)   Constr. rmsd
    3.09495e+02   -1.19362e+02   -2.17204e+02    5.30881e-06

           Step           Time
         150000      300.00000

   Energies (kJ/mol)
           Bond          Angle    Proper Dih.  Improper Dih.          LJ-14
    2.35431e+04    6.01957e+04    8.89506e+04    3.17220e+03    2.84405e+04
     Coulomb-14        LJ (SR)  Disper. corr.   Coulomb (SR)   Coul. recip.
    1.59780e+05    7.50316e+05   -3.16368e+04   -7.09375e+06    2.32745e+04
 Position Rest.      Potential    Kinetic En.   Total Energy  Conserved En.
    8.26698e+03   -5.97944e+06    1.13251e+06   -4.84694e+06   -3.85218e+06
    Temperature Pres. DC (bar) Pressure (bar)   Constr. rmsd
    3.11035e+02   -1.19362e+02   -1.01797e+02    5.44054e-06

           Step           Time
         155000      310.00000

   Energies (kJ/mol)
           Bond          Angle    Proper Dih.  Improper Dih.          LJ-14
    2.37645e+04    5.98132e+04    8.86781e+04    3.11499e+03    2.83072e+04
     Coulomb-14        LJ (SR)  Disper. corr.   Coulomb (SR)   Coul. recip.
    1.60031e+05    7.53654e+05   -3.16368e+04   -7.09963e+06    2.29985e+04
 Position Rest.      Potential    Kinetic En.   Total Energy  Conserved En.
    8.14638e+03   -5.98276e+06    1.13214e+06   -4.85062e+06   -3.85234e+06
    Temperature Pres. DC (bar) Pressure (bar)   Constr. rmsd
    3.10934e+02   -1.19362e+02   -3.28962e+02    5.38675e-06

           Step           Time
         160000      320.00000

   Energies (kJ/mol)
           Bond          Angle    Proper Dih.  Improper Dih.          LJ-14
    2.40816e+04    5.98566e+04    8.87291e+04    3.20619e+03    2.81804e+04
     Coulomb-14        LJ (SR)  Disper. corr.   Coulomb (SR)   Coul. recip.
    1.59411e+05    7.55274e+05   -3.16368e+04   -7.09711e+06    2.28140e+04
 Position Rest.      Potential    Kinetic En.   Total Energy  Conserved En.
    8.15329e+03   -5.97904e+06    1.12829e+06   -4.85076e+06   -3.85255e+06
    Temperature Pres. DC (bar) Pressure (bar)   Constr. rmsd
    3.09875e+02   -1.19362e+02   -2.73377e+02    5.31978e-06

           Step           Time
         165000      330.00000

   Energies (kJ/mol)
           Bond          Angle    Proper Dih.  Improper Dih.          LJ-14
    2.37687e+04    6.08151e+04    8.87423e+04    3.25567e+03    2.82155e+04
     Coulomb-14        LJ (SR)  Disper. corr.   Coulomb (SR)   Coul. recip.
    1.59340e+05    7.49458e+05   -3.16368e+04   -7.09034e+06    2.30826e+04
 Position Rest.      Potential    Kinetic En.   Total Energy  Conserved En.
    8.31576e+03   -5.97698e+06    1.12968e+06   -4.84730e+06   -3.85276e+06
    Temperature Pres. DC (bar) Pressure (bar)   Constr. rmsd
    3.10258e+02   -1.19362e+02   -3.27947e+02    5.36873e-06

           Step           Time
         170000      340.00000

   Energies (kJ/mol)
           Bond          Angle    Proper Dih.  Improper Dih.          LJ-14
    2.40178e+04    6.05357e+04    8.89643e+04    3.19462e+03    2.80746e+04
     Coulomb-14        LJ (SR)  Disper. corr.   Coulomb (SR)   Coul. recip.
    1.59404e+05    7.48772e+05   -3.16368e+04   -7.09325e+06    2.31582e+04
 Position Rest.      Potential    Kinetic En.   Total Energy  Conserved En.
    7.97694e+03   -5.98079e+06    1.12624e+06   -4.85454e+06   -3.85293e+06
    Temperature Pres. DC (bar) Pressure (bar)   Constr. rmsd
    3.09314e+02   -1.19362e+02   -3.22166e+02    5.35324e-06

           Step           Time
         175000      350.00000

   Energies (kJ/mol)
           Bond          Angle    Proper Dih.  Improper Dih.          LJ-14
    2.43360e+04    5.99309e+04    8.89251e+04    3.19226e+03    2.85062e+04
     Coulomb-14        LJ (SR)  Disper. corr.   Coulomb (SR)   Coul. recip.
    1.59659e+05    7.52155e+05   -3.16368e+04   -7.09354e+06    2.30926e+04
 Position Rest.      Potential    Kinetic En.   Total Energy  Conserved En.
    8.23316e+03   -5.97715e+06    1.12798e+06   -4.84916e+06   -3.85318e+06
    Temperature Pres. DC (bar) Pressure (bar)   Constr. rmsd
    3.09792e+02   -1.19362e+02   -2.54322e+02    5.31698e-06

           Step           Time
         180000      360.00000

   Energies (kJ/mol)
           Bond          Angle    Proper Dih.  Improper Dih.          LJ-14
    2.43460e+04    5.93252e+04    8.90168e+04    3.20149e+03    2.84427e+04
     Coulomb-14        LJ (SR)  Disper. corr.   Coulomb (SR)   Coul. recip.
    1.59307e+05    7.53125e+05   -3.16368e+04   -7.09590e+06    2.32185e+04
 Position Rest.      Potential    Kinetic En.   Total Energy  Conserved En.
    7.93652e+03   -5.97962e+06    1.12680e+06   -4.85282e+06   -3.85337e+06
    Temperature Pres. DC (bar) Pressure (bar)   Constr. rmsd
    3.09466e+02   -1.19362e+02   -2.20381e+02    5.46636e-06

           Step           Time
         185000      370.00000

   Energies (kJ/mol)
           Bond          Angle    Proper Dih.  Improper Dih.          LJ-14
    2.36999e+04    5.98795e+04    8.89946e+04    3.14263e+03    2.82774e+04
     Coulomb-14        LJ (SR)  Disper. corr.   Coulomb (SR)   Coul. recip.
    1.59188e+05    7.51182e+05   -3.16368e+04   -7.09119e+06    2.30503e+04
 Position Rest.      Potential    Kinetic En.   Total Energy  Conserved En.
    8.02973e+03   -5.97738e+06    1.12874e+06   -4.84864e+06   -3.85361e+06
    Temperature Pres. DC (bar) Pressure (bar)   Constr. rmsd
    3.09999e+02   -1.19362e+02   -2.15344e+02    5.33195e-06

           Step           Time
         190000      380.00000

   Energies (kJ/mol)
           Bond          Angle    Proper Dih.  Improper Dih.          LJ-14
    2.32989e+04    5.96759e+04    8.90865e+04    3.09147e+03    2.83864e+04
     Coulomb-14        LJ (SR)  Disper. corr.   Coulomb (SR)   Coul. recip.
    1.60664e+05    7.45893e+05   -3.16368e+04   -7.08994e+06    2.31653e+04
 Position Rest.      Potential    Kinetic En.   Total Energy  Conserved En.
    8.27091e+03   -5.98005e+06    1.12643e+06   -4.85362e+06   -3.85378e+06
    Temperature Pres. DC (bar) Pressure (bar)   Constr. rmsd
    3.09365e+02   -1.19362e+02   -3.20889e+02    5.33799e-06

           Step           Time
         195000      390.00000

   Energies (kJ/mol)
           Bond          Angle    Proper Dih.  Improper Dih.          LJ-14
    2.40119e+04    5.99941e+04    8.88747e+04    3.10157e+03    2.84131e+04
     Coulomb-14        LJ (SR)  Disper. corr.   Coulomb (SR)   Coul. recip.
    1.59636e+05    7.50123e+05   -3.16368e+04   -7.09637e+06    2.28484e+04
 Position Rest.      Potential    Kinetic En.   Total Energy  Conserved En.
    8.03503e+03   -5.98297e+06    1.12818e+06   -4.85480e+06   -3.85395e+06
    Temperature Pres. DC (bar) Pressure (bar)   Constr. rmsd
    3.09845e+02   -1.19362e+02   -1.52250e+02    5.33784e-06

Writing checkpoint, step 197500 at Mon Dec  6 13:08:41 2021


           Step           Time
         200000      400.00000

   Energies (kJ/mol)
           Bond          Angle    Proper Dih.  Improper Dih.          LJ-14
    2.38972e+04    6.00871e+04    8.92305e+04    3.11201e+03    2.84765e+04
     Coulomb-14        LJ (SR)  Disper. corr.   Coulomb (SR)   Coul. recip.
    1.60470e+05    7.50638e+05   -3.16368e+04   -7.09473e+06    2.32809e+04
 Position Rest.      Potential    Kinetic En.   Total Energy  Conserved En.
    8.19633e+03   -5.97898e+06    1.13155e+06   -4.84743e+06   -3.85412e+06
    Temperature Pres. DC (bar) Pressure (bar)   Constr. rmsd
    3.10772e+02   -1.19362e+02   -4.04099e+02    5.37341e-06

           Step           Time
         205000      410.00000

   Energies (kJ/mol)
           Bond          Angle    Proper Dih.  Improper Dih.          LJ-14
    2.40230e+04    5.95528e+04    8.90620e+04    3.24820e+03    2.82937e+04
     Coulomb-14        LJ (SR)  Disper. corr.   Coulomb (SR)   Coul. recip.
    1.59374e+05    7.48213e+05   -3.16368e+04   -7.09268e+06    2.32785e+04
 Position Rest.      Potential    Kinetic En.   Total Energy  Conserved En.
    8.34950e+03   -5.98093e+06    1.12885e+06   -4.85208e+06   -3.85436e+06
    Temperature Pres. DC (bar) Pressure (bar)   Constr. rmsd
    3.10029e+02   -1.19362e+02   -1.42661e+02    5.36208e-06

           Step           Time
         210000      420.00000

   Energies (kJ/mol)
           Bond          Angle    Proper Dih.  Improper Dih.          LJ-14
    2.38036e+04    5.96460e+04    8.87563e+04    3.22712e+03    2.80341e+04
     Coulomb-14        LJ (SR)  Disper. corr.   Coulomb (SR)   Coul. recip.
    1.59573e+05    7.53440e+05   -3.16368e+04   -7.10469e+06    2.28991e+04
 Position Rest.      Potential    Kinetic En.   Total Energy  Conserved En.
    7.95929e+03   -5.98899e+06    1.12799e+06   -4.86100e+06   -3.85461e+06
    Temperature Pres. DC (bar) Pressure (bar)   Constr. rmsd
    3.09794e+02   -1.19362e+02   -2.20200e+02    5.29441e-06

           Step           Time
         215000      430.00000

   Energies (kJ/mol)
           Bond          Angle    Proper Dih.  Improper Dih.          LJ-14
    2.41941e+04    5.95474e+04    8.86619e+04    3.20895e+03    2.82602e+04
     Coulomb-14        LJ (SR)  Disper. corr.   Coulomb (SR)   Coul. recip.
    1.59928e+05    7.50517e+05   -3.16368e+04   -7.09145e+06    2.32783e+04
 Position Rest.      Potential    Kinetic En.   Total Energy  Conserved En.
    8.12452e+03   -5.97737e+06    1.12786e+06   -4.84950e+06   -3.85480e+06
    Temperature Pres. DC (bar) Pressure (bar)   Constr. rmsd
    3.09758e+02   -1.19362e+02   -2.48938e+02    5.40035e-06

           Step           Time
         220000      440.00000

   Energies (kJ/mol)
           Bond          Angle    Proper Dih.  Improper Dih.          LJ-14
    2.41128e+04    5.97960e+04    8.89210e+04    3.10133e+03    2.84449e+04
     Coulomb-14        LJ (SR)  Disper. corr.   Coulomb (SR)   Coul. recip.
    1.59372e+05    7.54796e+05   -3.16368e+04   -7.09826e+06    2.32556e+04
 Position Rest.      Potential    Kinetic En.   Total Energy  Conserved En.
    8.19065e+03   -5.97991e+06    1.13040e+06   -4.84951e+06   -3.85501e+06
    Temperature Pres. DC (bar) Pressure (bar)   Constr. rmsd
    3.10456e+02   -1.19362e+02   -2.05350e+02    5.32662e-06

           Step           Time
         225000      450.00000

   Energies (kJ/mol)
           Bond          Angle    Proper Dih.  Improper Dih.          LJ-14
    2.35980e+04    5.93910e+04    8.88435e+04    3.17280e+03    2.82093e+04
     Coulomb-14        LJ (SR)  Disper. corr.   Coulomb (SR)   Coul. recip.
    1.59869e+05    7.47775e+05   -3.16368e+04   -7.09059e+06    2.29788e+04
 Position Rest.      Potential    Kinetic En.   Total Energy  Conserved En.
    7.95525e+03   -5.98043e+06    1.12792e+06   -4.85251e+06   -3.85537e+06
    Temperature Pres. DC (bar) Pressure (bar)   Constr. rmsd
    3.09774e+02   -1.19362e+02   -2.27937e+01    5.36857e-06

           Step           Time
         230000      460.00000

   Energies (kJ/mol)
           Bond          Angle    Proper Dih.  Improper Dih.          LJ-14
    2.38681e+04    5.96969e+04    8.88926e+04    3.18803e+03    2.83968e+04
     Coulomb-14        LJ (SR)  Disper. corr.   Coulomb (SR)   Coul. recip.
    1.59595e+05    7.49638e+05   -3.16368e+04   -7.09256e+06    2.29434e+04
 Position Rest.      Potential    Kinetic En.   Total Energy  Conserved En.
    8.18406e+03   -5.97980e+06    1.12773e+06   -4.85207e+06   -3.85554e+06
    Temperature Pres. DC (bar) Pressure (bar)   Constr. rmsd
    3.09723e+02   -1.19362e+02    1.56748e+02    5.36084e-06

           Step           Time
         235000      470.00000

   Energies (kJ/mol)
           Bond          Angle    Proper Dih.  Improper Dih.          LJ-14
    2.35648e+04    6.02400e+04    8.86521e+04    3.22148e+03    2.83904e+04
     Coulomb-14        LJ (SR)  Disper. corr.   Coulomb (SR)   Coul. recip.
    1.59849e+05    7.52132e+05   -3.16368e+04   -7.09831e+06    2.32667e+04
 Position Rest.      Potential    Kinetic En.   Total Energy  Conserved En.
    8.29073e+03   -5.98234e+06    1.13260e+06   -4.84974e+06   -3.85575e+06
    Temperature Pres. DC (bar) Pressure (bar)   Constr. rmsd
    3.11059e+02   -1.19362e+02   -2.84053e+02    5.34814e-06

           Step           Time
         240000      480.00000

   Energies (kJ/mol)
           Bond          Angle    Proper Dih.  Improper Dih.          LJ-14
    2.40270e+04    6.02493e+04    8.87737e+04    3.10522e+03    2.83697e+04
     Coulomb-14        LJ (SR)  Disper. corr.   Coulomb (SR)   Coul. recip.
    1.59531e+05    7.50322e+05   -3.16368e+04   -7.09026e+06    2.32780e+04
 Position Rest.      Potential    Kinetic En.   Total Energy  Conserved En.
    8.08805e+03   -5.97615e+06    1.12862e+06   -4.84753e+06   -3.85588e+06
    Temperature Pres. DC (bar) Pressure (bar)   Constr. rmsd
    3.09967e+02   -1.19362e+02   -1.70742e+02    5.44095e-06

           Step           Time
         245000      490.00000

   Energies (kJ/mol)
           Bond          Angle    Proper Dih.  Improper Dih.          LJ-14
    2.39950e+04    5.98941e+04    8.90885e+04    3.12422e+03    2.82728e+04
     Coulomb-14        LJ (SR)  Disper. corr.   Coulomb (SR)   Coul. recip.
    1.59794e+05    7.51304e+05   -3.16368e+04   -7.09361e+06    2.31545e+04
 Position Rest.      Potential    Kinetic En.   Total Energy  Conserved En.
    8.47715e+03   -5.97814e+06    1.12790e+06   -4.85024e+06   -3.85613e+06
    Temperature Pres. DC (bar) Pressure (bar)   Constr. rmsd
    3.09768e+02   -1.19362e+02   -1.96559e+02    5.26092e-06

           Step           Time
         250000      500.00000

Writing checkpoint, step 250000 at Mon Dec  6 13:17:07 2021


   Energies (kJ/mol)
           Bond          Angle    Proper Dih.  Improper Dih.          LJ-14
    2.36718e+04    5.98040e+04    8.87815e+04    3.13205e+03    2.83175e+04
     Coulomb-14        LJ (SR)  Disper. corr.   Coulomb (SR)   Coul. recip.
    1.60431e+05    7.53889e+05   -3.16368e+04   -7.09979e+06    2.33010e+04
 Position Rest.      Potential    Kinetic En.   Total Energy  Conserved En.
    8.27964e+03   -5.98182e+06    1.12872e+06   -4.85310e+06   -3.85635e+06
    Temperature Pres. DC (bar) Pressure (bar)   Constr. rmsd
    3.09995e+02   -1.19362e+02   -3.71560e+02    5.39152e-06


	<======  ###############  ==>
	<====  A V E R A G E S  ====>
	<==  ###############  ======>

	Statistics over 250001 steps using 2501 frames

   Energies (kJ/mol)
           Bond          Angle    Proper Dih.  Improper Dih.          LJ-14
    2.38124e+04    5.99257e+04    8.89054e+04    3.18487e+03    2.82927e+04
     Coulomb-14        LJ (SR)  Disper. corr.   Coulomb (SR)   Coul. recip.
    1.59756e+05    7.50957e+05   -3.16368e+04   -7.09322e+06    2.32132e+04
 Position Rest.      Potential    Kinetic En.   Total Energy  Conserved En.
    8.19157e+03   -5.97862e+06    1.12888e+06   -4.84974e+06   -3.85110e+06
    Temperature Pres. DC (bar) Pressure (bar)   Constr. rmsd
    3.10038e+02   -1.19362e+02   -2.51170e+02    0.00000e+00

   Total Virial (kJ/mol)
    4.07723e+05    7.94049e+02    6.11638e+01
    7.86406e+02    4.11043e+05   -1.41734e+02
    6.31718e+01   -1.35490e+02    4.10043e+05

   Pressure (bar)
   -2.36812e+02   -6.48308e+00   -1.00665e+00
   -6.42545e+00   -2.61634e+02    7.25742e-01
   -1.02179e+00    6.78654e-01   -2.55065e+02

T-SpCas9-sgRNA-DNAT-Water_and_ions
    3.10033e+02    3.10038e+02


	M E G A - F L O P S   A C C O U N T I N G

 NB=Group-cutoff nonbonded kernels    NxN=N-by-N cluster Verlet kernels
 RF=Reaction-Field  VdW=Van der Waals  QSTab=quadratic-spline table
 W3=SPC/TIP3p  W4=TIP4p (single or pairs)
 V&F=Potential and force  V=Potential only  F=Force only

 Computing:                               M-Number         M-Flops  % Flops
-----------------------------------------------------------------------------
 Pair Search distance check          125343.193312     1128088.740     0.0
 NxN Ewald Elec. + LJ [F]         133212948.941952  8792054630.169    98.1
 NxN Ewald Elec. + LJ [V&F]         1346123.325888   144035195.870     1.6
 1,4 nonbonded interactions           18547.824191     1669304.177     0.0
 Shift-X                               1075.359972        6452.160     0.0
 Bonds                                 3902.015608      230218.921     0.0
 Angles                               13103.802415     2201438.806     0.0
 Propers                              22964.591858     5258891.535     0.1
 Impropers                             1352.755411      281373.125     0.0
 Pos. Restr.                           3740.014960      187000.748     0.0
 Virial                                1075.472517       19358.505     0.0
 Stop-CM                               1075.789944       10757.899     0.0
 Calc-Ekin                            21499.459944      580485.418     0.0
 Lincs                                 3335.790029      200147.402     0.0
 Lincs-Mat                            16692.200304       66768.801     0.0
 Constraint-V                        106852.854816      854822.839     0.0
 Constraint-Vir                        1035.576565       24853.838     0.0
 Settle                               33393.900722    10786229.933     0.1
-----------------------------------------------------------------------------
 Total                                              8959596018.887   100.0
-----------------------------------------------------------------------------


     R E A L   C Y C L E   A N D   T I M E   A C C O U N T I N G

On 1 MPI rank, each using 16 OpenMP threads

 Computing:          Num   Num      Call    Wall time         Giga-Cycles
                     Ranks Threads  Count      (s)         total sum    %
-----------------------------------------------------------------------------
 Neighbor search        1   16       2501      46.045       2652.301   2.0
 Launch GPU ops.        1   16     250001      45.580       2625.497   2.0
 Force                  1   16     250001     291.435      16787.181  12.6
 Wait PME GPU gather    1   16     250001      61.683       3553.038   2.7
 Reduce GPU PME F       1   16     250001      94.266       5429.923   4.1
 Wait GPU NB local                             61.394       3536.413   2.7
 NB X/F buffer ops.     1   16     497501     332.827      19171.470  14.4
 Write traj.            1   16         53       2.603        149.912   0.1
 Update                 1   16     250001     322.526      18578.076  14.0
 Constraints            1   16     250003     241.819      13929.236  10.5
 Rest                                         807.653      46522.299  35.0
-----------------------------------------------------------------------------
 Total                                       2307.831     132935.346 100.0
-----------------------------------------------------------------------------

               Core t (s)   Wall t (s)        (%)
       Time:    36923.343     2307.831     1599.9
                         38:27
                 (ns/day)    (hour/ns)
Performance:       18.719        1.282
Finished mdrun on rank 0 Mon Dec  6 13:17:08 2021

